<?xml version="1.0" encoding="UTF-8"?>
<!-- Generated by org.testng.reporters.JUnitReportReporter -->
<testsuite skipped="0" hostname="CL-NB-903" name="test.Tests" tests="4" failures="0" timestamp="2019-10-18T16:01:05 CLST" time="95.911" errors="0">
  <testcase name="pruebaDos" time="28.186" classname="test.Tests"/>
  <testcase name="pruebaUno" time="30.255" classname="test.Tests"/>
  <testcase name="pruebaCantidadDeCampos" time="10.904" classname="test.Tests"/>
  <testcase name="pruebaTres" time="26.566" classname="test.Tests"/>
</testsuite> <!-- test.Tests -->
